<?xml version="1.0" encoding="UTF-8"?>
<!-- Generated by org.testng.reporters.JUnitReportReporter -->
<testsuite hostname="Vika" failures="0" tests="2" name="nnsomova.eCommerce_tc_2" time="44.865" errors="0" timestamp="2024-04-07T19:04:17 EDT" skipped="0">
  <testcase classname="nnsomova.eCommerce_tc_2" name="FillForm" time="29.001"/>
  <system-out/>
  <testcase classname="nnsomova.eCommerce_tc_2" name="FillForm" time="15.864"/>
  <system-out/>
</testsuite> <!-- nnsomova.eCommerce_tc_2 -->
