<?xml version="1.0" encoding="UTF-8"?>
<!-- Generated by org.testng.reporters.JUnitReportReporter -->
<testsuite hostname="Vika" failures="0" tests="2" name="nnsomova.eCommerce_tc_1" time="24.284" errors="0" timestamp="2024-04-08T18:44:57 EDT" skipped="0">
  <testcase classname="nnsomova.eCommerce_tc_1" name="FillForm" time="18.436"/>
  <system-out/>
  <testcase classname="nnsomova.eCommerce_tc_1" name="FillForm" time="5.848"/>
  <system-out/>
</testsuite> <!-- nnsomova.eCommerce_tc_1 -->
