<?xml version="1.0" encoding="UTF-8"?>
<!-- Generated by org.testng.reporters.JUnitReportReporter -->
<testsuite hostname="Vika" failures="0" tests="2" name="nnsomova.eCommerce_tc_2" time="66.668" errors="0" timestamp="2024-04-08T18:44:57 EDT" skipped="0">
  <testcase classname="nnsomova.eCommerce_tc_2" name="FillForm" time="21.654"/>
  <system-out/>
  <testcase classname="nnsomova.eCommerce_tc_2" name="FillForm" time="45.014"/>
  <system-out/>
</testsuite> <!-- nnsomova.eCommerce_tc_2 -->
